<?xml version="1.0" encoding="UTF-8"?>
<testsuite name="RegisterUserShould" tests="2" skipped="0" failures="0" errors="0" timestamp="2022-09-08T22:32:50" hostname="DESKTOP-BQ618PG" time="0.03">
  <properties/>
  <testcase name="Register an user$Kata_Twitter()" classname="RegisterUserShould" time="0.027"/>
  <testcase name="register another user$Kata_Twitter()" classname="RegisterUserShould" time="0.001"/>
  <system-out><![CDATA[]]></system-out>
  <system-err><![CDATA[]]></system-err>
</testsuite>
