<?xml version="1.0" encoding="UTF-8"?>
<testsuite name="RegisterUserShould" tests="8" skipped="0" failures="0" errors="0" timestamp="2022-09-15T04:32:17" hostname="DESKTOP-BQ618PG" time="0.038">
  <properties/>
  <testcase name="only users can follow$Kata_Twitter()" classname="RegisterUserShould" time="0.027"/>
  <testcase name="follow an user and get followers list$Kata_Twitter()" classname="RegisterUserShould" time="0.001"/>
  <testcase name="get followers for user without followers$Kata_Twitter()" classname="RegisterUserShould" time="0.0"/>
  <testcase name="user can follow other use only once$Kata_Twitter()" classname="RegisterUserShould" time="0.0"/>
  <testcase name="Register an user$Kata_Twitter()" classname="RegisterUserShould" time="0.001"/>
  <testcase name="register another user$Kata_Twitter()" classname="RegisterUserShould" time="0.001"/>
  <testcase name="register existing user nickname$Kata_Twitter()" classname="RegisterUserShould" time="0.0"/>
  <testcase name="update an existing User$Kata_Twitter()" classname="RegisterUserShould" time="0.001"/>
  <system-out><![CDATA[]]></system-out>
  <system-err><![CDATA[]]></system-err>
</testsuite>
